# JRE version: Java(TM) SE Runtime Environment (8.0_131-b11) (build 1.8.0_131-b11)
# Java VM: Java HotSpot(TM) 64-Bit Server VM (25.131-b11 mixed mode windows-amd64 compressed oops)
Heap:
 PSYoungGen      total 435712K, used 120992K [0x00000000e0000000, 0x00000000fe580000, 0x0000000100000000)
  eden space 380416K, 26% used [0x00000000e0000000,0x00000000e6329a30,0x00000000f7380000)
  from space 55296K, 35% used [0x00000000faf80000,0x00000000fc27e738,0x00000000fe580000)
  to   space 58368K, 0% used [0x00000000f7380000,0x00000000f7380000,0x00000000fac80000)
 ParOldGen       total 328704K, used 133146K [0x00000000a0000000, 0x00000000b4100000, 0x00000000e0000000)
  object space 328704K, 40% used [0x00000000a0000000,0x00000000a8206b08,0x00000000b4100000)
 Metaspace       used 127408K, capacity 135742K, committed 149632K, reserved 1179648K
  class space    used 16266K, capacity 17620K, committed 20096K, reserved 1048576K
GC Heap History (10 events):
Event: 20426.516 GC heap before
{Heap before GC invocations=99 (full 5):
 PSYoungGen      total 422912K, used 51703K [0x00000000e0000000, 0x00000000ff800000, 0x0000000100000000)
  eden space 371200K, 0% used [0x00000000e0000000,0x00000000e0000000,0x00000000f6a80000)
  from space 51712K, 99% used [0x00000000fa900000,0x00000000fdb7dd18,0x00000000fdb80000)
  to   space 64000K, 0% used [0x00000000f6a80000,0x00000000f6a80000,0x00000000fa900000)
 ParOldGen       total 219136K, used 218566K [0x00000000a0000000, 0x00000000ad600000, 0x00000000e0000000)
  object space 219136K, 99% used [0x00000000a0000000,0x00000000ad571a58,0x00000000ad600000)
 Metaspace       used 142964K, capacity 153684K, committed 153728K, reserved 1183744K
  class space    used 18378K, capacity 20086K, committed 20096K, reserved 1048576K
Event: 20427.200 GC heap after
Heap after GC invocations=99 (full 5):
 PSYoungGen      total 422912K, used 0K [0x00000000e0000000, 0x00000000ff800000, 0x0000000100000000)
  eden space 371200K, 0% used [0x00000000e0000000,0x00000000e0000000,0x00000000f6a80000)
  from space 51712K, 0% used [0x00000000fa900000,0x00000000fa900000,0x00000000fdb80000)
  to   space 64000K, 0% used [0x00000000f6a80000,0x00000000f6a80000,0x00000000fa900000)
 ParOldGen       total 328704K, used 133122K [0x00000000a0000000, 0x00000000b4100000, 0x00000000e0000000)
  object space 328704K, 40% used [0x00000000a0000000,0x00000000a8200b08,0x00000000b4100000)
 Metaspace       used 126614K, capacity 134898K, committed 149632K, reserved 1179648K
  class space    used 16185K, capacity 17516K, committed 20096K, reserved 1048576K
}
Event: 20477.739 GC heap before
{Heap before GC invocations=100 (full 5):
 PSYoungGen      total 422912K, used 371200K [0x00000000e0000000, 0x00000000ff800000, 0x0000000100000000)
  eden space 371200K, 100% used [0x00000000e0000000,0x00000000f6a80000,0x00000000f6a80000)
  from space 51712K, 0% used [0x00000000fa900000,0x00000000fa900000,0x00000000fdb80000)
  to   space 64000K, 0% used [0x00000000f6a80000,0x00000000f6a80000,0x00000000fa900000)
 ParOldGen       total 328704K, used 133122K [0x00000000a0000000, 0x00000000b4100000, 0x00000000e0000000)
  object space 328704K, 40% used [0x00000000a0000000,0x00000000a8200b08,0x00000000b4100000)
 Metaspace       used 126633K, capacity 134898K, committed 149632K, reserved 1179648K
  class space    used 16185K, capacity 17516K, committed 20096K, reserved 1048576K
Event: 20477.754 GC heap after
Heap after GC invocations=100 (full 5):
 PSYoungGen      total 435200K, used 11200K [0x00000000e0000000, 0x00000000fed80000, 0x0000000100000000)
  eden space 371200K, 0% used [0x00000000e0000000,0x00000000e0000000,0x00000000f6a80000)
  from space 64000K, 17% used [0x00000000f6a80000,0x00000000f7570040,0x00000000fa900000)
  to   space 63488K, 0% used [0x00000000faf80000,0x00000000faf80000,0x00000000fed80000)
 ParOldGen       total 328704K, used 133122K [0x00000000a0000000, 0x00000000b4100000, 0x00000000e0000000)
  object space 328704K, 40% used [0x00000000a0000000,0x00000000a8200b08,0x00000000b4100000)
 Metaspace       used 126633K, capacity 134898K, committed 149632K, reserved 1179648K
  class space    used 16185K, capacity 17516K, committed 20096K, reserved 1048576K
}
Event: 21283.759 GC heap before
{Heap before GC invocations=101 (full 5):
 PSYoungGen      total 435200K, used 382400K [0x00000000e0000000, 0x00000000fed80000, 0x0000000100000000)
  eden space 371200K, 100% used [0x00000000e0000000,0x00000000f6a80000,0x00000000f6a80000)
  from space 64000K, 17% used [0x00000000f6a80000,0x00000000f7570040,0x00000000fa900000)
  to   space 63488K, 0% used [0x00000000faf80000,0x00000000faf80000,0x00000000fed80000)
 ParOldGen       total 328704K, used 133122K [0x00000000a0000000, 0x00000000b4100000, 0x00000000e0000000)
  object space 328704K, 40% used [0x00000000a0000000,0x00000000a8200b08,0x00000000b4100000)
 Metaspace       used 126658K, capacity 134962K, committed 149632K, reserved 1179648K
  class space    used 16186K, capacity 17516K, committed 20096K, reserved 1048576K
Event: 21283.771 GC heap after
Heap after GC invocations=101 (full 5):
 PSYoungGen      total 437760K, used 9072K [0x00000000e0000000, 0x00000000feb00000, 0x0000000100000000)
  eden space 376832K, 0% used [0x00000000e0000000,0x00000000e0000000,0x00000000f7000000)
  from space 60928K, 14% used [0x00000000faf80000,0x00000000fb85c050,0x00000000feb00000)
  to   space 62976K, 0% used [0x00000000f7000000,0x00000000f7000000,0x00000000fad80000)
 ParOldGen       total 328704K, used 133130K [0x00000000a0000000, 0x00000000b4100000, 0x00000000e0000000)
  object space 328704K, 40% used [0x00000000a0000000,0x00000000a8202b08,0x00000000b4100000)
 Metaspace       used 126658K, capacity 134962K, committed 149632K, reserved 1179648K
  class space    used 16186K, capacity 17516K, committed 20096K, reserved 1048576K
}
Event: 21790.666 GC heap before
{Heap before GC invocations=102 (full 5):
 PSYoungGen      total 437760K, used 385904K [0x00000000e0000000, 0x00000000feb00000, 0x0000000100000000)
  eden space 376832K, 100% used [0x00000000e0000000,0x00000000f7000000,0x00000000f7000000)
  from space 60928K, 14% used [0x00000000faf80000,0x00000000fb85c050,0x00000000feb00000)
  to   space 62976K, 0% used [0x00000000f7000000,0x00000000f7000000,0x00000000fad80000)
 ParOldGen       total 328704K, used 133130K [0x00000000a0000000, 0x00000000b4100000, 0x00000000e0000000)
  object space 328704K, 40% used [0x00000000a0000000,0x00000000a8202b08,0x00000000b4100000)
 Metaspace       used 126674K, capacity 134966K, committed 149632K, reserved 1179648K
  class space    used 16186K, capacity 17516K, committed 20096K, reserved 1048576K
Event: 21790.685 GC heap after
Heap after GC invocations=102 (full 5):
 PSYoungGen      total 439808K, used 16521K [0x00000000e0000000, 0x00000000feb00000, 0x0000000100000000)
  eden space 376832K, 0% used [0x00000000e0000000,0x00000000e0000000,0x00000000f7000000)
  from space 62976K, 26% used [0x00000000f7000000,0x00000000f80225b8,0x00000000fad80000)
  to   space 60928K, 0% used [0x00000000faf80000,0x00000000faf80000,0x00000000feb00000)
 ParOldGen       total 328704K, used 133138K [0x00000000a0000000, 0x00000000b4100000, 0x00000000e0000000)
  object space 328704K, 40% used [0x00000000a0000000,0x00000000a8204b08,0x00000000b4100000)
 Metaspace       used 126674K, capacity 134966K, committed 149632K, reserved 1179648K
  class space    used 16186K, capacity 17516K, committed 20096K, reserved 1048576K
}
Event: 25221.775 GC heap before
{Heap before GC invocations=103 (full 5):
 PSYoungGen      total 439808K, used 393353K [0x00000000e0000000, 0x00000000feb00000, 0x0000000100000000)
  eden space 376832K, 100% used [0x00000000e0000000,0x00000000f7000000,0x00000000f7000000)
  from space 62976K, 26% used [0x00000000f7000000,0x00000000f80225b8,0x00000000fad80000)
  to   space 60928K, 0% used [0x00000000faf80000,0x00000000faf80000,0x00000000feb00000)
 ParOldGen       total 328704K, used 133138K [0x00000000a0000000, 0x00000000b4100000, 0x00000000e0000000)
  object space 328704K, 40% used [0x00000000a0000000,0x00000000a8204b08,0x00000000b4100000)
 Metaspace       used 127378K, capacity 135662K, committed 149632K, reserved 1179648K
  class space    used 16265K, capacity 17618K, committed 20096K, reserved 1048576K
Event: 25221.916 GC heap after
Heap after GC invocations=103 (full 5):
 PSYoungGen      total 435712K, used 19449K [0x00000000e0000000, 0x00000000fe580000, 0x0000000100000000)
  eden space 380416K, 0% used [0x00000000e0000000,0x00000000e0000000,0x00000000f7380000)
  from space 55296K, 35% used [0x00000000faf80000,0x00000000fc27e738,0x00000000fe580000)
  to   space 58368K, 0% used [0x00000000f7380000,0x00000000f7380000,0x00000000fac80000)
 ParOldGen       total 328704K, used 133146K [0x00000000a0000000, 0x00000000b4100000, 0x00000000e0000000)
  object space 328704K, 40% used [0x00000000a0000000,0x00000000a8206b08,0x00000000b4100000)
 Metaspace       used 127378K, capacity 135662K, committed 149632K, reserved 1179648K
  class space    used 16265K, capacity 17618K, committed 20096K, reserved 1048576K
}

